TN:
SF:src/App.ts
FN:18,(anonymous_1)
FN:44,(anonymous_2)
FN:57,(anonymous_3)
FN:77,(anonymous_4)
FN:87,(anonymous_5)
FN:91,(anonymous_6)
FN:101,(anonymous_7)
FNF:7
FNH:7
FNDA:1,(anonymous_1)
FNDA:1,(anonymous_2)
FNDA:1,(anonymous_3)
FNDA:1,(anonymous_4)
FNDA:2,(anonymous_5)
FNDA:1,(anonymous_6)
FNDA:1,(anonymous_7)
DA:1,1
DA:2,1
DA:3,1
DA:4,1
DA:5,1
DA:6,1
DA:7,1
DA:8,1
DA:9,1
DA:10,1
DA:11,1
DA:13,1
DA:19,1
DA:20,1
DA:23,1
DA:27,1
DA:30,1
DA:33,1
DA:36,1
DA:37,1
DA:45,1
DA:46,1
DA:47,1
DA:61,1
DA:62,1
DA:63,1
DA:67,1
DA:74,1
DA:84,1
DA:88,2
DA:92,1
DA:93,1
DA:94,0
DA:95,0
DA:97,1
DA:102,1
LF:36
LH:34
BRDA:36,0,0,1
BRF:1
BRH:1
end_of_record
TN:
SF:src/routes.ts
FN:9,registerRoutes
FN:19,(anonymous_2)
FNF:2
FNH:2
FNDA:1,registerRoutes
FNDA:2,(anonymous_2)
DA:1,1
DA:2,1
DA:3,1
DA:9,1
DA:10,1
DA:13,1
DA:19,1
DA:21,2
DA:24,1
LF:9
LH:9
BRF:0
BRH:0
end_of_record
TN:
SF:src/abstractions/ApiError.ts
FN:21,(anonymous_0)
FNF:1
FNH:1
FNDA:5,(anonymous_0)
DA:1,4
DA:15,5
DA:17,5
DA:22,5
DA:23,5
DA:24,5
DA:25,5
DA:29,4
LF:8
LH:8
BRDA:21,0,0,5
BRDA:25,1,0,2
BRDA:25,1,1,3
BRF:3
BRH:3
end_of_record
TN:
SF:src/components/BaseApi.ts
FN:10,(anonymous_0)
FN:21,(anonymous_1)
FNF:2
FNH:2
FNDA:4,(anonymous_0)
FNDA:9,(anonymous_1)
DA:1,3
DA:2,3
DA:7,3
DA:11,4
DA:22,9
DA:23,9
DA:24,9
LF:7
LH:7
BRDA:21,0,0,8
BRF:1
BRH:1
end_of_record
TN:
SF:src/components/enquiry/EnquiryController.ts
FN:15,(anonymous_1)
FN:23,(anonymous_2)
FN:38,(anonymous_3)
FN:60,(anonymous_4)
FN:83,(anonymous_5)
FN:109,(anonymous_6)
FN:140,(anonymous_7)
FNF:7
FNH:7
FNDA:2,(anonymous_1)
FNDA:2,(anonymous_2)
FNDA:2,(anonymous_3)
FNDA:2,(anonymous_4)
FNDA:2,(anonymous_5)
FNDA:3,(anonymous_6)
FNDA:2,(anonymous_7)
DA:2,2
DA:3,2
DA:4,2
DA:6,2
DA:11,2
DA:13,2
DA:16,2
DA:17,2
DA:24,2
DA:25,2
DA:26,2
DA:27,2
DA:28,2
DA:29,2
DA:43,2
DA:45,2
DA:46,1
DA:48,1
DA:50,2
DA:65,2
DA:66,2
DA:68,1
DA:69,1
DA:71,1
DA:73,2
DA:88,2
DA:89,2
DA:90,2
DA:92,2
DA:93,1
DA:97,1
DA:99,2
DA:114,3
DA:115,3
DA:116,3
DA:117,1
DA:123,2
DA:124,1
DA:128,1
DA:130,3
DA:145,2
DA:146,2
DA:147,2
DA:148,1
DA:152,1
DA:154,2
LF:46
LH:46
BRDA:116,0,0,1
BRDA:116,1,0,3
BRDA:116,1,1,1
BRF:3
BRH:3
end_of_record
TN:
SF:src/components/enquiry/EnquiryService.ts
FN:12,(anonymous_1)
FN:22,(anonymous_2)
FN:35,(anonymous_3)
FN:55,(anonymous_4)
FN:67,(anonymous_5)
FNF:5
FNH:5
FNDA:2,(anonymous_1)
FNDA:3,(anonymous_2)
FNDA:3,(anonymous_3)
FNDA:2,(anonymous_4)
FNDA:3,(anonymous_5)
DA:1,3
DA:6,3
DA:7,3
DA:8,3
DA:10,3
DA:13,2
DA:14,2
DA:15,1
DA:17,1
DA:18,1
DA:23,3
DA:24,3
DA:25,2
DA:26,1
DA:28,1
DA:30,2
DA:31,2
DA:39,3
DA:40,3
DA:41,3
DA:42,1
DA:47,2
DA:48,1
DA:50,2
DA:51,2
DA:58,2
DA:59,2
DA:60,1
DA:62,1
DA:63,1
DA:68,3
DA:69,3
DA:73,2
DA:75,1
DA:76,1
LF:35
LH:35
BRDA:25,0,0,1
BRDA:41,1,0,1
BRF:2
BRH:2
end_of_record
TN:
SF:src/components/system-status/SystemStatusController.ts
FN:17,(anonymous_7)
FN:24,(anonymous_8)
FN:39,(anonymous_9)
FN:70,(anonymous_10)
FN:88,(anonymous_11)
FN:115,(anonymous_12)
FN:149,(anonymous_13)
FNF:7
FNH:7
FNDA:2,(anonymous_7)
FNDA:1,(anonymous_8)
FNDA:1,(anonymous_9)
FNDA:1,(anonymous_10)
FNDA:1,(anonymous_11)
FNDA:1,(anonymous_12)
FNDA:1,(anonymous_13)
DA:2,2
DA:3,2
DA:4,2
DA:5,2
DA:6,2
DA:17,2
DA:19,2
DA:25,1
DA:26,1
DA:27,1
DA:28,1
DA:29,1
DA:30,1
DA:44,1
DA:45,1
DA:56,1
DA:58,1
DA:60,1
DA:71,1
DA:72,1
DA:78,1
DA:93,1
DA:94,1
DA:95,1
DA:98,1
DA:102,1
DA:103,1
DA:105,1
DA:120,1
DA:121,1
DA:122,1
DA:123,1
DA:125,1
DA:136,1
DA:137,1
DA:139,1
DA:154,1
DA:155,1
DA:164,1
DA:165,1
DA:167,1
LF:41
LH:41
BRF:0
BRH:0
end_of_record
TN:
SF:src/database/index.ts
FNF:0
FNH:0
DA:1,3
DA:2,3
DA:4,3
DA:6,3
DA:12,3
LF:5
LH:5
BRF:0
BRH:0
end_of_record
TN:
SF:src/database/config/index.ts
FNF:0
FNH:0
DA:1,3
DA:2,3
DA:4,3
DA:17,3
DA:27,3
LF:5
LH:5
BRDA:24,0,0,3
BRDA:24,0,1,3
BRF:2
BRH:2
end_of_record
TN:
SF:src/database/models/Enquiry.ts
FNF:0
FNH:0
DA:1,3
DA:2,3
DA:31,3
DA:67,3
LF:4
LH:4
BRF:0
BRH:0
end_of_record
TN:
SF:src/lib/logger.ts
FNF:0
FNH:0
DA:1,5
DA:3,5
DA:5,5
DA:7,5
DA:8,1
DA:11,5
DA:19,5
LF:7
LH:7
BRDA:7,0,0,1
BRF:1
BRH:1
end_of_record
TN:
SF:src/middleware/error-handler.ts
FN:7,(anonymous_7)
FNF:1
FNH:1
FNDA:4,(anonymous_7)
DA:1,2
DA:3,2
DA:5,2
DA:7,2
DA:13,4
DA:14,4
DA:15,4
DA:21,4
DA:27,4
DA:28,4
DA:30,4
DA:33,2
LF:12
LH:12
BRDA:13,0,0,4
BRDA:14,1,0,4
BRDA:14,1,1,1
BRDA:23,2,0,4
BRDA:23,2,1,4
BRF:5
BRH:5
end_of_record
